Android-master/app/build/outputs/logs/manifest-merger-debug-report.txt
-- Merging decision tree log ---
manifest
ADDED from src/main/AndroidManifest.xml:2:1-83:12
	package
		ADDED from src/main/AndroidManifest.xml:3:5-35
		INJECTED from src/main/AndroidManifest.xml
		INJECTED from src/main/AndroidManifest.xml
	android:versionName
		ADDED from src/main/AndroidManifest.xml:5:5-32
		INJECTED from src/main/AndroidManifest.xml
		INJECTED from src/main/AndroidManifest.xml
	android:versionCode
		ADDED from src/main/AndroidManifest.xml:4:5-28
		INJECTED from src/main/AndroidManifest.xml
		INJECTED from src/main/AndroidManifest.xml
	xmlns:android
		ADDED from src/main/AndroidManifest.xml:2:11-69
uses-sdk
ADDED from src/main/AndroidManifest.xml:7:5-9:41
MERGED from [com.android.support:appcompat-v7:23.1.1] AndroidManifest.xml:20:5-43
MERGED from [com.android.support:support-v4:23.1.1] AndroidManifest.xml:20:5-43
MERGED from [com.android.support:support-v4:23.1.1] AndroidManifest.xml:20:5-43
MERGED from [com.android.support:recyclerview-v7:23.0.1] AndroidManifest.xml:20:5-43
MERGED from [com.android.support:support-v4:23.1.1] AndroidManifest.xml:20:5-43
MERGED from [com.android.support:design:23.0.1] AndroidManifest.xml:20:5-43
MERGED from [com.android.support:support-v4:23.1.1] AndroidManifest.xml:20:5-43
MERGED from [com.android.support:appcompat-v7:23.1.1] AndroidManifest.xml:20:5-43
MERGED from [com.android.support:support-v4:23.1.1] AndroidManifest.xml:20:5-43
	android:targetSdkVersion
		ADDED from src/main/AndroidManifest.xml:9:9-38
		INJECTED from src/main/AndroidManifest.xml
		INJECTED from src/main/AndroidManifest.xml
	android:minSdkVersion
		ADDED from src/main/AndroidManifest.xml:8:9-35
		INJECTED from src/main/AndroidManifest.xml
		INJECTED from src/main/AndroidManifest.xml
uses-permission#android.permission.INTERNET
ADDED from src/main/AndroidManifest.xml:11:5-67
	android:name
		ADDED from src/main/AndroidManifest.xml:11:22-64
uses-permission#android.permission.ACCESS_NETWORK_STATE
ADDED from src/main/AndroidManifest.xml:12:5-79
	android:name
		ADDED from src/main/AndroidManifest.xml:12:22-76
uses-permission#android.permission.ACCESS_WIFI_STATE
ADDED from src/main/AndroidManifest.xml:13:5-76
	android:name
		ADDED from src/main/AndroidManifest.xml:13:22-73
uses-permission#android.permission.WRITE_EXTERNAL_STORAGE
ADDED from src/main/AndroidManifest.xml:14:5-81
	android:name
		ADDED from src/main/AndroidManifest.xml:14:22-78
uses-permission#android.permission.READ_EXTERNAL_STORAGE
ADDED from src/main/AndroidManifest.xml:15:5-80
	android:name
		ADDED from src/main/AndroidManifest.xml:15:22-77
uses-permission#android.permission.VIBRATE
ADDED from src/main/AndroidManifest.xml:16:5-66
	android:name
		ADDED from src/main/AndroidManifest.xml:16:22-63
uses-permission#android.permission.GET_ACCOUNTS
ADDED from src/main/AndroidManifest.xml:19:5-71
	android:name
		ADDED from src/main/AndroidManifest.xml:19:22-68
uses-permission#android.permission.READ_PROFILE
ADDED from src/main/AndroidManifest.xml:20:5-71
	android:name
		ADDED from src/main/AndroidManifest.xml:20:22-68
uses-permission#android.permission.READ_CONTACTS
ADDED from src/main/AndroidManifest.xml:21:5-72
	android:name
		ADDED from src/main/AndroidManifest.xml:21:22-69
uses-permission#android.permission.READ_PHONE_STATE
ADDED from src/main/AndroidManifest.xml:23:5-75
	android:name
		ADDED from src/main/AndroidManifest.xml:23:22-72
uses-permission#android.permission.READ_CALL_LOG
ADDED from src/main/AndroidManifest.xml:24:5-72
	android:name
		ADDED from src/main/AndroidManifest.xml:24:22-69
application
ADDED from src/main/AndroidManifest.xml:26:5-81:19
MERGED from [com.android.support:appcompat-v7:23.1.1] AndroidManifest.xml:22:5-20
MERGED from [com.android.support:support-v4:23.1.1] AndroidManifest.xml:22:5-20
MERGED from [com.android.support:support-v4:23.1.1] AndroidManifest.xml:22:5-20
MERGED from [com.android.support:support-v4:23.1.1] AndroidManifest.xml:22:5-20
MERGED from [com.android.support:design:23.0.1] AndroidManifest.xml:22:5-20
MERGED from [com.android.support:support-v4:23.1.1] AndroidManifest.xml:22:5-20
MERGED from [com.android.support:appcompat-v7:23.1.1] AndroidManifest.xml:22:5-20
MERGED from [com.android.support:support-v4:23.1.1] AndroidManifest.xml:22:5-20
	android:screenOrientation
		ADDED from src/main/AndroidManifest.xml:31:9-45
	android:label
		ADDED from src/main/AndroidManifest.xml:30:9-41
	android:allowBackup
		ADDED from src/main/AndroidManifest.xml:28:9-35
	android:icon
		ADDED from src/main/AndroidManifest.xml:29:9-45
	android:theme
		ADDED from src/main/AndroidManifest.xml:32:9-39
	android:name
		ADDED from src/main/AndroidManifest.xml:27:9-57
activity#kk.play.keshrispares.activities.StartActivity
ADDED from src/main/AndroidManifest.xml:33:9-41:20
	android:label
		ADDED from src/main/AndroidManifest.xml:35:13-57
	android:name
		ADDED from src/main/AndroidManifest.xml:34:13-53
intent-filter#android.intent.action.MAIN+android.intent.category.LAUNCHER
ADDED from src/main/AndroidManifest.xml:36:13-40:29
action#android.intent.action.MAIN
ADDED from src/main/AndroidManifest.xml:37:17-69
	android:name
		ADDED from src/main/AndroidManifest.xml:37:25-66
category#android.intent.category.LAUNCHER
ADDED from src/main/AndroidManifest.xml:39:17-77
	android:name
		ADDED from src/main/AndroidManifest.xml:39:27-74
activity#kk.play.keshrispares.activities.StockManagementActivity
ADDED from src/main/AndroidManifest.xml:42:9-44:48
	android:label
		ADDED from src/main/AndroidManifest.xml:44:13-45
	android:name
		ADDED from src/main/AndroidManifest.xml:43:13-63
activity#kk.play.keshrispares.utils.SearchResultsActivity
ADDED from src/main/AndroidManifest.xml:45:9-55:20
	android:label
		ADDED from src/main/AndroidManifest.xml:47:13-45
	android:name
		ADDED from src/main/AndroidManifest.xml:46:13-56
meta-data#android.app.searchable
ADDED from src/main/AndroidManifest.xml:48:13-50:54
	android:resource
		ADDED from src/main/AndroidManifest.xml:50:17-51
	android:name
		ADDED from src/main/AndroidManifest.xml:49:17-54
intent-filter#android.intent.action.SEARCH
ADDED from src/main/AndroidManifest.xml:52:13-54:29
action#android.intent.action.SEARCH
ADDED from src/main/AndroidManifest.xml:53:17-71
	android:name
		ADDED from src/main/AndroidManifest.xml:53:25-68
activity#kk.play.keshrispares.activities.AddItem
ADDED from src/main/AndroidManifest.xml:56:9-58:63
	android:label
		ADDED from src/main/AndroidManifest.xml:58:13-60
	android:name
		ADDED from src/main/AndroidManifest.xml:57:13-47
activity#kk.play.keshrispares.activities.EditItem
ADDED from src/main/AndroidManifest.xml:59:9-61:64
	android:label
		ADDED from src/main/AndroidManifest.xml:61:13-61
	android:name
		ADDED from src/main/AndroidManifest.xml:60:13-48
activity#kk.play.keshrispares.activities.DailyReport
ADDED from src/main/AndroidManifest.xml:62:9-64:61
	android:label
		ADDED from src/main/AndroidManifest.xml:64:13-58
	android:name
		ADDED from src/main/AndroidManifest.xml:63:13-51
activity#kk.play.keshrispares.activities.ModelsDisplay
ADDED from src/main/AndroidManifest.xml:65:9-67:70
	android:label
		ADDED from src/main/AndroidManifest.xml:67:13-67
	android:name
		ADDED from src/main/AndroidManifest.xml:66:13-53
receiver#kk.play.keshrispares.utils.BroadCastReceiver
ADDED from src/main/AndroidManifest.xml:69:9-76:20
	android:name
		ADDED from src/main/AndroidManifest.xml:70:13-52
intent-filter#android.net.conn.CONNECTIVITY_CHANGE+com.google.android.c2dm.intent.RECEIVE+com.google.android.c2dm.intent.REGISTRATION
ADDED from src/main/AndroidManifest.xml:71:15-75:29
action#com.google.android.c2dm.intent.RECEIVE
ADDED from src/main/AndroidManifest.xml:72:17-81
	android:name
		ADDED from src/main/AndroidManifest.xml:72:25-78
action#com.google.android.c2dm.intent.REGISTRATION
ADDED from src/main/AndroidManifest.xml:73:17-86
	android:name
		ADDED from src/main/AndroidManifest.xml:73:25-83
action#android.net.conn.CONNECTIVITY_CHANGE
ADDED from src/main/AndroidManifest.xml:74:17-79
	android:name
		ADDED from src/main/AndroidManifest.xml:74:25-76
service#kk.play.keshrispares.utils.StockManagementService
ADDED from src/main/AndroidManifest.xml:78:9-65
	android:name
		ADDED from src/main/AndroidManifest.xml:78:18-62
activity#kk.play.keshrispares.activities.DisplayCycles
ADDED from src/main/AndroidManifest.xml:80:9-71
	android:name
		ADDED from src/main/AndroidManifest.xml:80:19-59